# JRE version: OpenJDK Runtime Environment (8.0_152-b01) (build 1.8.0_152-release-915-b01)
# Java VM: OpenJDK 64-Bit Server VM (25.152-b01 mixed mode linux-amd64 compressed oops)
Heap:
 PSYoungGen      total 115200K, used 5117K [0x00000000eab00000, 0x00000000f2280000, 0x0000000100000000)
  eden space 110080K, 0% used [0x00000000eab00000,0x00000000eab00000,0x00000000f1680000)
  from space 5120K, 99% used [0x00000000f1880000,0x00000000f1d7f728,0x00000000f1d80000)
  to   space 4096K, 0% used [0x00000000f1e80000,0x00000000f1e80000,0x00000000f2280000)
 ParOldGen       total 116736K, used 31554K [0x00000000c0000000, 0x00000000c7200000, 0x00000000eab00000)
  object space 116736K, 27% used [0x00000000c0000000,0x00000000c1ed0a10,0x00000000c7200000)
 Metaspace       used 4750K, capacity 5464K, committed 5760K, reserved 1056768K
  class space    used 494K, capacity 528K, committed 640K, reserved 1048576K
GC Heap History (10 events):
Event: 0.575 GC heap after
Heap after GC invocations=1 (full 0):
 PSYoungGen      total 36864K, used 5105K [0x00000000eab00000, 0x00000000ef300000, 0x0000000100000000)
  eden space 31744K, 0% used [0x00000000eab00000,0x00000000eab00000,0x00000000eca00000)
  from space 5120K, 99% used [0x00000000eca00000,0x00000000ecefc728,0x00000000ecf00000)
  to   space 5120K, 0% used [0x00000000eee00000,0x00000000eee00000,0x00000000ef300000)
 ParOldGen       total 84992K, used 3876K [0x00000000c0000000, 0x00000000c5300000, 0x00000000eab00000)
  object space 84992K, 4% used [0x00000000c0000000,0x00000000c03c93b0,0x00000000c5300000)
 Metaspace       used 3556K, capacity 4720K, committed 4864K, reserved 1056768K
  class space    used 378K, capacity 424K, committed 512K, reserved 1048576K
}
Event: 0.917 GC heap before
{Heap before GC invocations=2 (full 0):
 PSYoungGen      total 36864K, used 36849K [0x00000000eab00000, 0x00000000ef300000, 0x0000000100000000)
  eden space 31744K, 100% used [0x00000000eab00000,0x00000000eca00000,0x00000000eca00000)
  from space 5120K, 99% used [0x00000000eca00000,0x00000000ecefc728,0x00000000ecf00000)
  to   space 5120K, 0% used [0x00000000eee00000,0x00000000eee00000,0x00000000ef300000)
 ParOldGen       total 84992K, used 3876K [0x00000000c0000000, 0x00000000c5300000, 0x00000000eab00000)
  object space 84992K, 4% used [0x00000000c0000000,0x00000000c03c93b0,0x00000000c5300000)
 Metaspace       used 3848K, capacity 4944K, committed 5120K, reserved 1056768K
  class space    used 407K, capacity 456K, committed 512K, reserved 1048576K
Event: 0.957 GC heap after
Heap after GC invocations=2 (full 0):
 PSYoungGen      total 68608K, used 5117K [0x00000000eab00000, 0x00000000ef300000, 0x0000000100000000)
  eden space 63488K, 0% used [0x00000000eab00000,0x00000000eab00000,0x00000000ee900000)
  from space 5120K, 99% used [0x00000000eee00000,0x00000000ef2ff6b8,0x00000000ef300000)
  to   space 5120K, 0% used [0x00000000ee900000,0x00000000ee900000,0x00000000eee00000)
 ParOldGen       total 84992K, used 48648K [0x00000000c0000000, 0x00000000c5300000, 0x00000000eab00000)
  object space 84992K, 57% used [0x00000000c0000000,0x00000000c2f82020,0x00000000c5300000)
 Metaspace       used 3848K, capacity 4944K, committed 5120K, reserved 1056768K
  class space    used 407K, capacity 456K, committed 512K, reserved 1048576K
}
Event: 0.958 GC heap before
{Heap before GC invocations=3 (full 1):
 PSYoungGen      total 68608K, used 5117K [0x00000000eab00000, 0x00000000ef300000, 0x0000000100000000)
  eden space 63488K, 0% used [0x00000000eab00000,0x00000000eab00000,0x00000000ee900000)
  from space 5120K, 99% used [0x00000000eee00000,0x00000000ef2ff6b8,0x00000000ef300000)
  to   space 5120K, 0% used [0x00000000ee900000,0x00000000ee900000,0x00000000eee00000)
 ParOldGen       total 84992K, used 48648K [0x00000000c0000000, 0x00000000c5300000, 0x00000000eab00000)
  object space 84992K, 57% used [0x00000000c0000000,0x00000000c2f82020,0x00000000c5300000)
 Metaspace       used 3848K, capacity 4944K, committed 5120K, reserved 1056768K
  class space    used 407K, capacity 456K, committed 512K, reserved 1048576K
Event: 0.985 GC heap after
Heap after GC invocations=3 (full 1):
 PSYoungGen      total 68608K, used 0K [0x00000000eab00000, 0x00000000ef300000, 0x0000000100000000)
  eden space 63488K, 0% used [0x00000000eab00000,0x00000000eab00000,0x00000000ee900000)
  from space 5120K, 0% used [0x00000000eee00000,0x00000000eee00000,0x00000000ef300000)
  to   space 5120K, 0% used [0x00000000ee900000,0x00000000ee900000,0x00000000eee00000)
 ParOldGen       total 116736K, used 20965K [0x00000000c0000000, 0x00000000c7200000, 0x00000000eab00000)
  object space 116736K, 17% used [0x00000000c0000000,0x00000000c1479468,0x00000000c7200000)
 Metaspace       used 3848K, capacity 4944K, committed 5120K, reserved 1056768K
  class space    used 407K, capacity 456K, committed 512K, reserved 1048576K
}
Event: 2.679 GC heap before
{Heap before GC invocations=4 (full 1):
 PSYoungGen      total 68608K, used 63488K [0x00000000eab00000, 0x00000000ef300000, 0x0000000100000000)
  eden space 63488K, 100% used [0x00000000eab00000,0x00000000ee900000,0x00000000ee900000)
  from space 5120K, 0% used [0x00000000eee00000,0x00000000eee00000,0x00000000ef300000)
  to   space 5120K, 0% used [0x00000000ee900000,0x00000000ee900000,0x00000000eee00000)
 ParOldGen       total 116736K, used 20965K [0x00000000c0000000, 0x00000000c7200000, 0x00000000eab00000)
  object space 116736K, 17% used [0x00000000c0000000,0x00000000c1479468,0x00000000c7200000)
 Metaspace       used 4411K, capacity 5424K, committed 5632K, reserved 1056768K
  class space    used 459K, capacity 488K, committed 512K, reserved 1048576K
Event: 3.022 GC heap after
Heap after GC invocations=4 (full 1):
 PSYoungGen      total 68608K, used 3957K [0x00000000eab00000, 0x00000000f2380000, 0x0000000100000000)
  eden space 63488K, 0% used [0x00000000eab00000,0x00000000eab00000,0x00000000ee900000)
  from space 5120K, 77% used [0x00000000ee900000,0x00000000eecdd498,0x00000000eee00000)
  to   space 5120K, 0% used [0x00000000f1e80000,0x00000000f1e80000,0x00000000f2380000)
 ParOldGen       total 116736K, used 21229K [0x00000000c0000000, 0x00000000c7200000, 0x00000000eab00000)
  object space 116736K, 18% used [0x00000000c0000000,0x00000000c14bb480,0x00000000c7200000)
 Metaspace       used 4411K, capacity 5424K, committed 5632K, reserved 1056768K
  class space    used 459K, capacity 488K, committed 512K, reserved 1048576K
}
Event: 4.631 GC heap before
{Heap before GC invocations=5 (full 1):
 PSYoungGen      total 68608K, used 67445K [0x00000000eab00000, 0x00000000f2380000, 0x0000000100000000)
  eden space 63488K, 100% used [0x00000000eab00000,0x00000000ee900000,0x00000000ee900000)
  from space 5120K, 77% used [0x00000000ee900000,0x00000000eecdd498,0x00000000eee00000)
  to   space 5120K, 0% used [0x00000000f1e80000,0x00000000f1e80000,0x00000000f2380000)
 ParOldGen       total 116736K, used 21229K [0x00000000c0000000, 0x00000000c7200000, 0x00000000eab00000)
  object space 116736K, 18% used [0x00000000c0000000,0x00000000c14bb480,0x00000000c7200000)
 Metaspace       used 4431K, capacity 5424K, committed 5632K, reserved 1056768K
  class space    used 459K, capacity 488K, committed 512K, reserved 1048576K
Event: 4.640 GC heap after
Heap after GC invocations=5 (full 1):
 PSYoungGen      total 114176K, used 3696K [0x00000000eab00000, 0x00000000f2280000, 0x0000000100000000)
  eden space 110080K, 0% used [0x00000000eab00000,0x00000000eab00000,0x00000000f1680000)
  from space 4096K, 90% used [0x00000000f1e80000,0x00000000f221c090,0x00000000f2280000)
  to   space 5120K, 0% used [0x00000000f1880000,0x00000000f1880000,0x00000000f1d80000)
 ParOldGen       total 116736K, used 21237K [0x00000000c0000000, 0x00000000c7200000, 0x00000000eab00000)
  object space 116736K, 18% used [0x00000000c0000000,0x00000000c14bd480,0x00000000c7200000)
 Metaspace       used 4431K, capacity 5424K, committed 5632K, reserved 1056768K
  class space    used 459K, capacity 488K, committed 512K, reserved 1048576K
}
Event: 12.032 GC heap before
{Heap before GC invocations=6 (full 1):
 PSYoungGen      total 114176K, used 113776K [0x00000000eab00000, 0x00000000f2280000, 0x0000000100000000)
  eden space 110080K, 100% used [0x00000000eab00000,0x00000000f1680000,0x00000000f1680000)
  from space 4096K, 90% used [0x00000000f1e80000,0x00000000f221c090,0x00000000f2280000)
  to   space 5120K, 0% used [0x00000000f1880000,0x00000000f1880000,0x00000000f1d80000)
 ParOldGen       total 116736K, used 21237K [0x00000000c0000000, 0x00000000c7200000, 0x00000000eab00000)
  object space 116736K, 18% used [0x00000000c0000000,0x00000000c14bd480,0x00000000c7200000)
 Metaspace       used 4750K, capacity 5464K, committed 5760K, reserved 1056768K
  class space    used 494K, capacity 528K, committed 640K, reserved 1048576K

